<?xml version="1.0" encoding="UTF-8"?>
<!-- Generated by org.testng.reporters.JUnitReportReporter -->
<testsuite hostname="Lenovo" failures="0" tests="1" name="testCase_Swag.Testcase_SL" time="35.682" errors="0" timestamp="2024-09-05T10:56:48 IST" skipped="0">
  <testcase classname="testCase_Swag.Testcase_SL" name="swaglab" time="35.682"/>
  <system-out/>
</testsuite> <!-- testCase_Swag.Testcase_SL -->
